<?xml version="1.0" encoding="UTF-8"?>
<coverage generated="1745297268">
  <project timestamp="1745297268">
    <file name="/Users/lucifer/Documents/Projects/xuanthinh/packages/laravel-tabler-ui/src/Enums/Theme.php">
      <class name="Thinhnx\LaravelTablerUI\Enums\Theme" namespace="global">
        <metrics complexity="4" methods="2" coveredmethods="1" conditionals="0" coveredconditionals="0" statements="8" coveredstatements="4" elements="10" coveredelements="5"/>
      </class>
      <line num="21" type="method" name="values" visibility="public" complexity="2" crap="2" count="24"/>
      <line num="23" type="stmt" count="24"/>
      <line num="25" type="stmt" count="24"/>
      <line num="26" type="stmt" count="24"/>
      <line num="29" type="stmt" count="24"/>
      <line num="32" type="method" name="toArray" visibility="public" complexity="2" crap="6" count="0"/>
      <line num="34" type="stmt" count="0"/>
      <line num="36" type="stmt" count="0"/>
      <line num="37" type="stmt" count="0"/>
      <line num="40" type="stmt" count="0"/>
      <metrics loc="43" ncloc="43" classes="1" methods="2" coveredmethods="1" conditionals="0" coveredconditionals="0" statements="8" coveredstatements="4" elements="10" coveredelements="5"/>
    </file>
    <file name="/Users/lucifer/Documents/Projects/xuanthinh/packages/laravel-tabler-ui/src/LaravelTablerUIProvider.php">
      <class name="Thinhnx\LaravelTablerUI\LaravelTablerUIProvider" namespace="global">
        <metrics complexity="11" methods="4" coveredmethods="3" conditionals="0" coveredconditionals="0" statements="142" coveredstatements="39" elements="146" coveredelements="42"/>
      </class>
      <line num="29" type="method" name="register" visibility="public" complexity="1" crap="1" count="55"/>
      <line num="31" type="stmt" count="55"/>
      <line num="33" type="method" name="boot" visibility="public" complexity="2" crap="2" count="55"/>
      <line num="35" type="stmt" count="55"/>
      <line num="36" type="stmt" count="55"/>
      <line num="37" type="stmt" count="55"/>
      <line num="39" type="stmt" count="55"/>
      <line num="40" type="stmt" count="55"/>
      <line num="41" type="stmt" count="55"/>
      <line num="42" type="stmt" count="55"/>
      <line num="44" type="stmt" count="55"/>
      <line num="45" type="stmt" count="55"/>
      <line num="46" type="stmt" count="55"/>
      <line num="50" type="method" name="registerComponents" visibility="protected" complexity="1" crap="1" count="55"/>
      <line num="52" type="stmt" count="55"/>
      <line num="53" type="stmt" count="55"/>
      <line num="54" type="stmt" count="55"/>
      <line num="55" type="stmt" count="55"/>
      <line num="56" type="stmt" count="55"/>
      <line num="57" type="stmt" count="55"/>
      <line num="58" type="stmt" count="55"/>
      <line num="59" type="stmt" count="55"/>
      <line num="60" type="stmt" count="55"/>
      <line num="61" type="stmt" count="55"/>
      <line num="62" type="stmt" count="55"/>
      <line num="63" type="stmt" count="55"/>
      <line num="64" type="stmt" count="55"/>
      <line num="65" type="stmt" count="55"/>
      <line num="66" type="stmt" count="55"/>
      <line num="67" type="stmt" count="55"/>
      <line num="68" type="stmt" count="55"/>
      <line num="69" type="stmt" count="55"/>
      <line num="72" type="method" name="registerDirectives" visibility="protected" complexity="7" crap="44.11" count="55"/>
      <line num="74" type="stmt" count="55"/>
      <line num="75" type="stmt" count="0"/>
      <line num="76" type="stmt" count="0"/>
      <line num="77" type="stmt" count="0"/>
      <line num="78" type="stmt" count="0"/>
      <line num="79" type="stmt" count="0"/>
      <line num="80" type="stmt" count="0"/>
      <line num="81" type="stmt" count="0"/>
      <line num="82" type="stmt" count="0"/>
      <line num="84" type="stmt" count="0"/>
      <line num="86" type="stmt" count="0"/>
      <line num="87" type="stmt" count="0"/>
      <line num="88" type="stmt" count="0"/>
      <line num="89" type="stmt" count="0"/>
      <line num="90" type="stmt" count="0"/>
      <line num="93" type="stmt" count="0"/>
      <line num="94" type="stmt" count="0"/>
      <line num="95" type="stmt" count="0"/>
      <line num="96" type="stmt" count="0"/>
      <line num="98" type="stmt" count="0"/>
      <line num="99" type="stmt" count="55"/>
      <line num="101" type="stmt" count="55"/>
      <line num="102" type="stmt" count="0"/>
      <line num="103" type="stmt" count="0"/>
      <line num="104" type="stmt" count="0"/>
      <line num="105" type="stmt" count="0"/>
      <line num="107" type="stmt" count="0"/>
      <line num="108" type="stmt" count="0"/>
      <line num="109" type="stmt" count="0"/>
      <line num="110" type="stmt" count="0"/>
      <line num="112" type="stmt" count="0"/>
      <line num="113" type="stmt" count="55"/>
      <line num="115" type="stmt" count="55"/>
      <line num="116" type="stmt" count="0"/>
      <line num="117" type="stmt" count="0"/>
      <line num="118" type="stmt" count="0"/>
      <line num="120" type="stmt" count="0"/>
      <line num="121" type="stmt" count="0"/>
      <line num="122" type="stmt" count="0"/>
      <line num="123" type="stmt" count="0"/>
      <line num="124" type="stmt" count="0"/>
      <line num="125" type="stmt" count="0"/>
      <line num="126" type="stmt" count="0"/>
      <line num="127" type="stmt" count="0"/>
      <line num="129" type="stmt" count="0"/>
      <line num="130" type="stmt" count="0"/>
      <line num="131" type="stmt" count="0"/>
      <line num="132" type="stmt" count="0"/>
      <line num="133" type="stmt" count="0"/>
      <line num="135" type="stmt" count="0"/>
      <line num="136" type="stmt" count="0"/>
      <line num="137" type="stmt" count="0"/>
      <line num="139" type="stmt" count="0"/>
      <line num="140" type="stmt" count="0"/>
      <line num="141" type="stmt" count="0"/>
      <line num="142" type="stmt" count="0"/>
      <line num="143" type="stmt" count="0"/>
      <line num="144" type="stmt" count="0"/>
      <line num="145" type="stmt" count="0"/>
      <line num="146" type="stmt" count="0"/>
      <line num="147" type="stmt" count="0"/>
      <line num="148" type="stmt" count="0"/>
      <line num="149" type="stmt" count="0"/>
      <line num="150" type="stmt" count="0"/>
      <line num="151" type="stmt" count="0"/>
      <line num="152" type="stmt" count="0"/>
      <line num="153" type="stmt" count="0"/>
      <line num="154" type="stmt" count="0"/>
      <line num="155" type="stmt" count="0"/>
      <line num="156" type="stmt" count="0"/>
      <line num="157" type="stmt" count="0"/>
      <line num="158" type="stmt" count="0"/>
      <line num="160" type="stmt" count="0"/>
      <line num="161" type="stmt" count="0"/>
      <line num="162" type="stmt" count="0"/>
      <line num="163" type="stmt" count="0"/>
      <line num="164" type="stmt" count="0"/>
      <line num="166" type="stmt" count="0"/>
      <line num="169" type="stmt" count="0"/>
      <line num="172" type="stmt" count="0"/>
      <line num="173" type="stmt" count="55"/>
      <line num="175" type="stmt" count="55"/>
      <line num="176" type="stmt" count="0"/>
      <line num="177" type="stmt" count="0"/>
      <line num="178" type="stmt" count="0"/>
      <line num="179" type="stmt" count="0"/>
      <line num="180" type="stmt" count="0"/>
      <line num="181" type="stmt" count="0"/>
      <line num="182" type="stmt" count="0"/>
      <line num="183" type="stmt" count="0"/>
      <line num="184" type="stmt" count="0"/>
      <line num="185" type="stmt" count="0"/>
      <line num="186" type="stmt" count="0"/>
      <line num="188" type="stmt" count="0"/>
      <line num="189" type="stmt" count="0"/>
      <line num="190" type="stmt" count="0"/>
      <line num="191" type="stmt" count="0"/>
      <line num="193" type="stmt" count="0"/>
      <line num="194" type="stmt" count="55"/>
      <line num="196" type="stmt" count="55"/>
      <line num="197" type="stmt" count="0"/>
      <line num="198" type="stmt" count="0"/>
      <line num="199" type="stmt" count="0"/>
      <line num="200" type="stmt" count="0"/>
      <line num="201" type="stmt" count="0"/>
      <line num="202" type="stmt" count="0"/>
      <line num="203" type="stmt" count="0"/>
      <line num="204" type="stmt" count="0"/>
      <line num="205" type="stmt" count="0"/>
      <line num="206" type="stmt" count="0"/>
      <line num="207" type="stmt" count="0"/>
      <line num="209" type="stmt" count="0"/>
      <line num="210" type="stmt" count="55"/>
      <metrics loc="213" ncloc="213" classes="1" methods="4" coveredmethods="3" conditionals="0" coveredconditionals="0" statements="142" coveredstatements="39" elements="146" coveredelements="42"/>
    </file>
    <file name="/Users/lucifer/Documents/Projects/xuanthinh/packages/laravel-tabler-ui/src/View/Components/Accordion.php">
      <class name="Thinhnx\LaravelTablerUI\View\Components\Accordion" namespace="global">
        <metrics complexity="8" methods="2" coveredmethods="2" conditionals="0" coveredconditionals="0" statements="13" coveredstatements="13" elements="15" coveredelements="15"/>
      </class>
      <line num="15" type="method" name="__construct" visibility="public" complexity="3" crap="3" count="5"/>
      <line num="24" type="stmt" count="5"/>
      <line num="25" type="stmt" count="5"/>
      <line num="28" type="stmt" count="5"/>
      <line num="29" type="stmt" count="5"/>
      <line num="33" type="method" name="render" visibility="public" complexity="5" crap="5" count="5"/>
      <line num="35" type="stmt" count="5"/>
      <line num="36" type="stmt" count="1"/>
      <line num="39" type="stmt" count="5"/>
      <line num="40" type="stmt" count="1"/>
      <line num="43" type="stmt" count="5"/>
      <line num="44" type="stmt" count="1"/>
      <line num="47" type="stmt" count="5"/>
      <line num="48" type="stmt" count="1"/>
      <line num="51" type="stmt" count="5"/>
      <metrics loc="54" ncloc="54" classes="1" methods="2" coveredmethods="2" conditionals="0" coveredconditionals="0" statements="13" coveredstatements="13" elements="15" coveredelements="15"/>
    </file>
    <file name="/Users/lucifer/Documents/Projects/xuanthinh/packages/laravel-tabler-ui/src/View/Components/Alert.php">
      <class name="Thinhnx\LaravelTablerUI\View\Components\Alert" namespace="global">
        <metrics complexity="6" methods="2" coveredmethods="2" conditionals="0" coveredconditionals="0" statements="9" coveredstatements="9" elements="11" coveredelements="11"/>
      </class>
      <line num="16" type="method" name="__construct" visibility="public" complexity="2" crap="2" count="5"/>
      <line num="24" type="stmt" count="5"/>
      <line num="25" type="stmt" count="5"/>
      <line num="29" type="method" name="render" visibility="public" complexity="4" crap="4" count="5"/>
      <line num="31" type="stmt" count="5"/>
      <line num="32" type="stmt" count="1"/>
      <line num="35" type="stmt" count="5"/>
      <line num="36" type="stmt" count="1"/>
      <line num="39" type="stmt" count="5"/>
      <line num="40" type="stmt" count="2"/>
      <line num="43" type="stmt" count="5"/>
      <metrics loc="46" ncloc="46" classes="1" methods="2" coveredmethods="2" conditionals="0" coveredconditionals="0" statements="9" coveredstatements="9" elements="11" coveredelements="11"/>
    </file>
    <file name="/Users/lucifer/Documents/Projects/xuanthinh/packages/laravel-tabler-ui/src/View/Components/Badge.php">
      <class name="Thinhnx\LaravelTablerUI\View\Components\Badge" namespace="global">
        <metrics complexity="12" methods="2" coveredmethods="1" conditionals="0" coveredconditionals="0" statements="25" coveredstatements="19" elements="27" coveredelements="20"/>
      </class>
      <line num="15" type="method" name="__construct" visibility="public" complexity="1" crap="1" count="5"/>
      <line num="24" type="stmt" count="5"/>
      <line num="26" type="method" name="render" visibility="public" complexity="11" crap="12.89" count="5"/>
      <line num="28" type="stmt" count="5"/>
      <line num="29" type="stmt" count="1"/>
      <line num="32" type="stmt" count="5"/>
      <line num="33" type="stmt" count="1"/>
      <line num="34" type="stmt" count="0"/>
      <line num="36" type="stmt" count="1"/>
      <line num="37" type="stmt" count="1"/>
      <line num="41" type="stmt" count="5"/>
      <line num="42" type="stmt" count="1"/>
      <line num="43" type="stmt" count="1"/>
      <line num="44" type="stmt" count="0"/>
      <line num="45" type="stmt" count="0"/>
      <line num="46" type="stmt" count="1"/>
      <line num="47" type="stmt" count="1"/>
      <line num="48" type="stmt" count="1"/>
      <line num="52" type="stmt" count="5"/>
      <line num="53" type="stmt" count="0"/>
      <line num="56" type="stmt" count="5"/>
      <line num="57" type="stmt" count="0"/>
      <line num="60" type="stmt" count="5"/>
      <line num="61" type="stmt" count="1"/>
      <line num="64" type="stmt" count="5"/>
      <line num="65" type="stmt" count="0"/>
      <line num="68" type="stmt" count="5"/>
      <metrics loc="71" ncloc="71" classes="1" methods="2" coveredmethods="1" conditionals="0" coveredconditionals="0" statements="25" coveredstatements="19" elements="27" coveredelements="20"/>
    </file>
    <file name="/Users/lucifer/Documents/Projects/xuanthinh/packages/laravel-tabler-ui/src/View/Components/Button.php">
      <class name="Thinhnx\LaravelTablerUI\View\Components\Button" namespace="global">
        <metrics complexity="10" methods="2" coveredmethods="1" conditionals="0" coveredconditionals="0" statements="20" coveredstatements="17" elements="22" coveredelements="18"/>
      </class>
      <line num="16" type="method" name="__construct" visibility="public" complexity="2" crap="2" count="6"/>
      <line num="26" type="stmt" count="6"/>
      <line num="27" type="stmt" count="6"/>
      <line num="31" type="method" name="render" visibility="public" complexity="8" crap="8.30" count="6"/>
      <line num="33" type="stmt" count="6"/>
      <line num="35" type="stmt" count="6"/>
      <line num="36" type="stmt" count="1"/>
      <line num="37" type="stmt" count="0"/>
      <line num="39" type="stmt" count="1"/>
      <line num="43" type="stmt" count="6"/>
      <line num="44" type="stmt" count="1"/>
      <line num="47" type="stmt" count="6"/>
      <line num="48" type="stmt" count="1"/>
      <line num="51" type="stmt" count="6"/>
      <line num="52" type="stmt" count="1"/>
      <line num="53" type="stmt" count="1"/>
      <line num="54" type="stmt" count="0"/>
      <line num="55" type="stmt" count="0"/>
      <line num="56" type="stmt" count="1"/>
      <line num="57" type="stmt" count="1"/>
      <line num="58" type="stmt" count="1"/>
      <line num="62" type="stmt" count="6"/>
      <metrics loc="65" ncloc="65" classes="1" methods="2" coveredmethods="1" conditionals="0" coveredconditionals="0" statements="20" coveredstatements="17" elements="22" coveredelements="18"/>
    </file>
    <file name="/Users/lucifer/Documents/Projects/xuanthinh/packages/laravel-tabler-ui/src/View/Components/Card.php">
      <class name="Thinhnx\LaravelTablerUI\View\Components\Card" namespace="global">
        <metrics complexity="9" methods="2" coveredmethods="2" conditionals="0" coveredconditionals="0" statements="17" coveredstatements="17" elements="19" coveredelements="19"/>
      </class>
      <line num="19" type="method" name="__construct" visibility="public" complexity="1" crap="1" count="8"/>
      <line num="28" type="stmt" count="8"/>
      <line num="33" type="method" name="render" visibility="public" complexity="8" crap="8" count="8"/>
      <line num="35" type="stmt" count="8"/>
      <line num="36" type="stmt" count="1"/>
      <line num="39" type="stmt" count="8"/>
      <line num="40" type="stmt" count="1"/>
      <line num="43" type="stmt" count="8"/>
      <line num="44" type="stmt" count="1"/>
      <line num="47" type="stmt" count="8"/>
      <line num="48" type="stmt" count="1"/>
      <line num="51" type="stmt" count="8"/>
      <line num="52" type="stmt" count="1"/>
      <line num="55" type="stmt" count="8"/>
      <line num="56" type="stmt" count="2"/>
      <line num="57" type="stmt" count="1"/>
      <line num="59" type="stmt" count="1"/>
      <line num="60" type="stmt" count="1"/>
      <line num="64" type="stmt" count="8"/>
      <metrics loc="67" ncloc="64" classes="1" methods="2" coveredmethods="2" conditionals="0" coveredconditionals="0" statements="17" coveredstatements="17" elements="19" coveredelements="19"/>
    </file>
    <file name="/Users/lucifer/Documents/Projects/xuanthinh/packages/laravel-tabler-ui/src/View/Components/Checkbox.php">
      <class name="Thinhnx\LaravelTablerUI\View\Components\Checkbox" namespace="global">
        <metrics complexity="3" methods="2" coveredmethods="2" conditionals="0" coveredconditionals="0" statements="3" coveredstatements="3" elements="5" coveredelements="5"/>
      </class>
      <line num="13" type="method" name="__construct" visibility="public" complexity="2" crap="2" count="2"/>
      <line num="16" type="stmt" count="2"/>
      <line num="17" type="stmt" count="2"/>
      <line num="21" type="method" name="render" visibility="public" complexity="1" crap="1" count="2"/>
      <line num="23" type="stmt" count="2"/>
      <metrics loc="26" ncloc="26" classes="1" methods="2" coveredmethods="2" conditionals="0" coveredconditionals="0" statements="3" coveredstatements="3" elements="5" coveredelements="5"/>
    </file>
    <file name="/Users/lucifer/Documents/Projects/xuanthinh/packages/laravel-tabler-ui/src/View/Components/Ckeditor.php">
      <class name="Thinhnx\LaravelTablerUI\View\Components\Ckeditor" namespace="global">
        <metrics complexity="3" methods="2" coveredmethods="0" conditionals="0" coveredconditionals="0" statements="3" coveredstatements="0" elements="5" coveredelements="0"/>
      </class>
      <line num="16" type="method" name="__construct" visibility="public" complexity="2" crap="6" count="0"/>
      <line num="20" type="stmt" count="0"/>
      <line num="21" type="stmt" count="0"/>
      <line num="28" type="method" name="render" visibility="public" complexity="1" crap="2" count="0"/>
      <line num="30" type="stmt" count="0"/>
      <metrics loc="33" ncloc="27" classes="1" methods="2" coveredmethods="0" conditionals="0" coveredconditionals="0" statements="3" coveredstatements="0" elements="5" coveredelements="0"/>
    </file>
    <file name="/Users/lucifer/Documents/Projects/xuanthinh/packages/laravel-tabler-ui/src/View/Components/Datatable.php">
      <class name="Thinhnx\LaravelTablerUI\View\Components\Datatable" namespace="global">
        <metrics complexity="3" methods="2" coveredmethods="0" conditionals="0" coveredconditionals="0" statements="3" coveredstatements="0" elements="5" coveredelements="0"/>
      </class>
      <line num="16" type="method" name="__construct" visibility="public" complexity="2" crap="6" count="0"/>
      <line num="19" type="stmt" count="0"/>
      <line num="20" type="stmt" count="0"/>
      <line num="27" type="method" name="render" visibility="public" complexity="1" crap="2" count="0"/>
      <line num="29" type="stmt" count="0"/>
      <metrics loc="32" ncloc="26" classes="1" methods="2" coveredmethods="0" conditionals="0" coveredconditionals="0" statements="3" coveredstatements="0" elements="5" coveredelements="0"/>
    </file>
    <file name="/Users/lucifer/Documents/Projects/xuanthinh/packages/laravel-tabler-ui/src/View/Components/Dropzone.php">
      <class name="Thinhnx\LaravelTablerUI\View\Components\Dropzone" namespace="global">
        <metrics complexity="4" methods="3" coveredmethods="0" conditionals="0" coveredconditionals="0" statements="5" coveredstatements="0" elements="8" coveredelements="0"/>
      </class>
      <line num="17" type="method" name="__construct" visibility="public" complexity="2" crap="6" count="0"/>
      <line num="22" type="stmt" count="0"/>
      <line num="24" type="stmt" count="0"/>
      <line num="25" type="stmt" count="0"/>
      <line num="29" type="method" name="getUploadInputName" visibility="public" complexity="1" crap="2" count="0"/>
      <line num="31" type="stmt" count="0"/>
      <line num="37" type="method" name="render" visibility="public" complexity="1" crap="2" count="0"/>
      <line num="39" type="stmt" count="0"/>
      <metrics loc="42" ncloc="36" classes="1" methods="3" coveredmethods="0" conditionals="0" coveredconditionals="0" statements="5" coveredstatements="0" elements="8" coveredelements="0"/>
    </file>
    <file name="/Users/lucifer/Documents/Projects/xuanthinh/packages/laravel-tabler-ui/src/View/Components/Form.php">
      <class name="Thinhnx\LaravelTablerUI\View\Components\Form" namespace="global">
        <metrics complexity="3" methods="2" coveredmethods="2" conditionals="0" coveredconditionals="0" statements="3" coveredstatements="3" elements="5" coveredelements="5"/>
      </class>
      <line num="16" type="method" name="__construct" visibility="public" complexity="2" crap="2" count="2"/>
      <line num="19" type="stmt" count="2"/>
      <line num="20" type="stmt" count="2"/>
      <line num="27" type="method" name="render" visibility="public" complexity="1" crap="1" count="2"/>
      <line num="29" type="stmt" count="2"/>
      <metrics loc="32" ncloc="26" classes="1" methods="2" coveredmethods="2" conditionals="0" coveredconditionals="0" statements="3" coveredstatements="3" elements="5" coveredelements="5"/>
    </file>
    <file name="/Users/lucifer/Documents/Projects/xuanthinh/packages/laravel-tabler-ui/src/View/Components/Icon.php">
      <class name="Thinhnx\LaravelTablerUI\View\Components\Icon" namespace="global">
        <metrics complexity="2" methods="2" coveredmethods="2" conditionals="0" coveredconditionals="0" statements="2" coveredstatements="2" elements="4" coveredelements="4"/>
      </class>
      <line num="12" type="method" name="__construct" visibility="public" complexity="1" crap="1" count="1"/>
      <line num="15" type="stmt" count="1"/>
      <line num="17" type="method" name="render" visibility="public" complexity="1" crap="1" count="1"/>
      <line num="19" type="stmt" count="1"/>
      <metrics loc="22" ncloc="22" classes="1" methods="2" coveredmethods="2" conditionals="0" coveredconditionals="0" statements="2" coveredstatements="2" elements="4" coveredelements="4"/>
    </file>
    <file name="/Users/lucifer/Documents/Projects/xuanthinh/packages/laravel-tabler-ui/src/View/Components/Input.php">
      <class name="Thinhnx\LaravelTablerUI\View\Components\Input" namespace="global">
        <metrics complexity="8" methods="5" coveredmethods="3" conditionals="0" coveredconditionals="0" statements="12" coveredstatements="10" elements="17" coveredelements="13"/>
      </class>
      <line num="20" type="method" name="__construct" visibility="public" complexity="2" crap="2" count="3"/>
      <line num="24" type="stmt" count="3"/>
      <line num="25" type="stmt" count="3"/>
      <line num="32" type="method" name="render" visibility="public" complexity="3" crap="3" count="3"/>
      <line num="34" type="stmt" count="3"/>
      <line num="35" type="stmt" count="3"/>
      <line num="36" type="stmt" count="1"/>
      <line num="37" type="stmt" count="1"/>
      <line num="38" type="stmt" count="2"/>
      <line num="39" type="stmt" count="1"/>
      <line num="42" type="stmt" count="3"/>
      <line num="45" type="method" name="isRounded" visibility="public" complexity="1" crap="2" count="0"/>
      <line num="47" type="stmt" count="0"/>
      <line num="50" type="method" name="isFlush" visibility="public" complexity="1" crap="2" count="0"/>
      <line num="52" type="stmt" count="0"/>
      <line num="55" type="method" name="isFloat" visibility="public" complexity="1" crap="1" count="3"/>
      <line num="57" type="stmt" count="3"/>
      <metrics loc="60" ncloc="54" classes="1" methods="5" coveredmethods="3" conditionals="0" coveredconditionals="0" statements="12" coveredstatements="10" elements="17" coveredelements="13"/>
    </file>
    <file name="/Users/lucifer/Documents/Projects/xuanthinh/packages/laravel-tabler-ui/src/View/Components/Page.php">
      <class name="Thinhnx\LaravelTablerUI\View\Components\Page" namespace="global">
        <metrics complexity="1" methods="1" coveredmethods="1" conditionals="0" coveredconditionals="0" statements="1" coveredstatements="1" elements="2" coveredelements="2"/>
      </class>
      <line num="12" type="method" name="render" visibility="public" complexity="1" crap="1" count="3"/>
      <line num="14" type="stmt" count="3"/>
      <metrics loc="17" ncloc="17" classes="1" methods="1" coveredmethods="1" conditionals="0" coveredconditionals="0" statements="1" coveredstatements="1" elements="2" coveredelements="2"/>
    </file>
    <file name="/Users/lucifer/Documents/Projects/xuanthinh/packages/laravel-tabler-ui/src/View/Components/Radio.php">
      <class name="Thinhnx\LaravelTablerUI\View\Components\Radio" namespace="global">
        <metrics complexity="3" methods="2" coveredmethods="2" conditionals="0" coveredconditionals="0" statements="3" coveredstatements="3" elements="5" coveredelements="5"/>
      </class>
      <line num="13" type="method" name="__construct" visibility="public" complexity="2" crap="2" count="2"/>
      <line num="16" type="stmt" count="2"/>
      <line num="17" type="stmt" count="2"/>
      <line num="21" type="method" name="render" visibility="public" complexity="1" crap="1" count="2"/>
      <line num="23" type="stmt" count="2"/>
      <metrics loc="26" ncloc="26" classes="1" methods="2" coveredmethods="2" conditionals="0" coveredconditionals="0" statements="3" coveredstatements="3" elements="5" coveredelements="5"/>
    </file>
    <file name="/Users/lucifer/Documents/Projects/xuanthinh/packages/laravel-tabler-ui/src/View/Components/Select.php">
      <class name="Thinhnx\LaravelTablerUI\View\Components\Select" namespace="global">
        <metrics complexity="6" methods="3" coveredmethods="3" conditionals="0" coveredconditionals="0" statements="10" coveredstatements="10" elements="13" coveredelements="13"/>
      </class>
      <line num="20" type="method" name="__construct" visibility="public" complexity="2" crap="2" count="5"/>
      <line num="24" type="stmt" count="5"/>
      <line num="25" type="stmt" count="5"/>
      <line num="32" type="method" name="render" visibility="public" complexity="3" crap="3" count="5"/>
      <line num="34" type="stmt" count="5"/>
      <line num="35" type="stmt" count="5"/>
      <line num="36" type="stmt" count="1"/>
      <line num="37" type="stmt" count="1"/>
      <line num="38" type="stmt" count="4"/>
      <line num="39" type="stmt" count="1"/>
      <line num="42" type="stmt" count="5"/>
      <line num="45" type="method" name="isFloat" visibility="public" complexity="1" crap="1" count="5"/>
      <line num="47" type="stmt" count="5"/>
      <metrics loc="50" ncloc="44" classes="1" methods="3" coveredmethods="3" conditionals="0" coveredconditionals="0" statements="10" coveredstatements="10" elements="13" coveredelements="13"/>
    </file>
    <file name="/Users/lucifer/Documents/Projects/xuanthinh/packages/laravel-tabler-ui/src/View/Components/Tab.php">
      <class name="Thinhnx\LaravelTablerUI\View\Components\Tab" namespace="global">
        <metrics complexity="3" methods="2" coveredmethods="2" conditionals="0" coveredconditionals="0" statements="3" coveredstatements="3" elements="5" coveredelements="5"/>
      </class>
      <line num="16" type="method" name="__construct" visibility="public" complexity="2" crap="2" count="3"/>
      <line num="22" type="stmt" count="3"/>
      <line num="23" type="stmt" count="3"/>
      <line num="30" type="method" name="render" visibility="public" complexity="1" crap="1" count="3"/>
      <line num="32" type="stmt" count="3"/>
      <metrics loc="35" ncloc="29" classes="1" methods="2" coveredmethods="2" conditionals="0" coveredconditionals="0" statements="3" coveredstatements="3" elements="5" coveredelements="5"/>
    </file>
    <file name="/Users/lucifer/Documents/Projects/xuanthinh/packages/laravel-tabler-ui/src/View/Components/Tab/Pane.php">
      <class name="Thinhnx\LaravelTablerUI\View\Components\Tab\Pane" namespace="global">
        <metrics complexity="1" methods="1" coveredmethods="1" conditionals="0" coveredconditionals="0" statements="1" coveredstatements="1" elements="2" coveredelements="2"/>
      </class>
      <line num="15" type="method" name="render" visibility="public" complexity="1" crap="1" count="3"/>
      <line num="17" type="stmt" count="3"/>
      <metrics loc="20" ncloc="17" classes="1" methods="1" coveredmethods="1" conditionals="0" coveredconditionals="0" statements="1" coveredstatements="1" elements="2" coveredelements="2"/>
    </file>
    <file name="/Users/lucifer/Documents/Projects/xuanthinh/packages/laravel-tabler-ui/src/View/Components/Textarea.php">
      <class name="Thinhnx\LaravelTablerUI\View\Components\Textarea" namespace="global">
        <metrics complexity="7" methods="4" coveredmethods="2" conditionals="0" coveredconditionals="0" statements="11" coveredstatements="9" elements="15" coveredelements="11"/>
      </class>
      <line num="20" type="method" name="__construct" visibility="public" complexity="2" crap="2" count="3"/>
      <line num="26" type="stmt" count="3"/>
      <line num="27" type="stmt" count="3"/>
      <line num="34" type="method" name="render" visibility="public" complexity="3" crap="3" count="3"/>
      <line num="36" type="stmt" count="3"/>
      <line num="37" type="stmt" count="3"/>
      <line num="38" type="stmt" count="1"/>
      <line num="39" type="stmt" count="1"/>
      <line num="40" type="stmt" count="2"/>
      <line num="41" type="stmt" count="1"/>
      <line num="44" type="stmt" count="3"/>
      <line num="47" type="method" name="isRounded" visibility="public" complexity="1" crap="2" count="0"/>
      <line num="49" type="stmt" count="0"/>
      <line num="52" type="method" name="isFlush" visibility="public" complexity="1" crap="2" count="0"/>
      <line num="54" type="stmt" count="0"/>
      <metrics loc="57" ncloc="51" classes="1" methods="4" coveredmethods="2" conditionals="0" coveredconditionals="0" statements="11" coveredstatements="9" elements="15" coveredelements="11"/>
    </file>
    <file name="/Users/lucifer/Documents/Projects/xuanthinh/packages/laravel-tabler-ui/src/View/Components/Toggle.php">
      <class name="Thinhnx\LaravelTablerUI\View\Components\Toggle" namespace="global">
        <metrics complexity="3" methods="2" coveredmethods="2" conditionals="0" coveredconditionals="0" statements="3" coveredstatements="3" elements="5" coveredelements="5"/>
      </class>
      <line num="13" type="method" name="__construct" visibility="public" complexity="2" crap="2" count="2"/>
      <line num="16" type="stmt" count="2"/>
      <line num="17" type="stmt" count="2"/>
      <line num="21" type="method" name="render" visibility="public" complexity="1" crap="1" count="2"/>
      <line num="23" type="stmt" count="2"/>
      <metrics loc="26" ncloc="26" classes="1" methods="2" coveredmethods="2" conditionals="0" coveredconditionals="0" statements="3" coveredstatements="3" elements="5" coveredelements="5"/>
    </file>
    <file name="/Users/lucifer/Documents/Projects/xuanthinh/packages/laravel-tabler-ui/src/View/Components/Tomselect.php">
      <class name="Thinhnx\LaravelTablerUI\View\Components\Tomselect" namespace="global">
        <metrics complexity="3" methods="2" coveredmethods="0" conditionals="0" coveredconditionals="0" statements="3" coveredstatements="0" elements="5" coveredelements="0"/>
      </class>
      <line num="14" type="method" name="__construct" visibility="public" complexity="2" crap="6" count="0"/>
      <line num="32" type="stmt" count="0"/>
      <line num="33" type="stmt" count="0"/>
      <line num="40" type="method" name="render" visibility="public" complexity="1" crap="2" count="0"/>
      <line num="42" type="stmt" count="0"/>
      <metrics loc="45" ncloc="39" classes="1" methods="2" coveredmethods="0" conditionals="0" coveredconditionals="0" statements="3" coveredstatements="0" elements="5" coveredelements="0"/>
    </file>
    <metrics files="22" loc="1082" ncloc="1022" classes="22" methods="51" coveredmethods="34" conditionals="0" coveredconditionals="0" statements="300" coveredstatements="166" elements="351" coveredelements="200"/>
  </project>
</coverage>
